c:\users\antbf\source\repos\37_task1_graphcalculator\37_task1_graphcalculator\x64\debug\uic\ui_task1_graphcalculator.h
c:\users\antbf\source\repos\37_task1_graphcalculator\37_task1_graphcalculator\x64\debug\rcc\qrc_task1_graphcalculator.cpp
c:\users\antbf\source\repos\37_task1_graphcalculator\37_task1_graphcalculator\x64\debug\moc\moc_task1_graphcalculator.cpp
c:\users\antbf\source\repos\37_task1_graphcalculator\37_task1_graphcalculator\x64\debug\moc_task1_graphcalculator.obj
c:\users\antbf\source\repos\37_task1_graphcalculator\37_task1_graphcalculator\x64\debug\qrc_task1_graphcalculator.obj
c:\users\antbf\source\repos\37_task1_graphcalculator\37_task1_graphcalculator\x64\debug\vc143.pdb
c:\users\antbf\source\repos\37_task1_graphcalculator\37_task1_graphcalculator\x64\debug\main.obj
c:\users\antbf\source\repos\37_task1_graphcalculator\37_task1_graphcalculator\x64\debug\task1_graphcalculator.obj
c:\users\antbf\source\repos\37_task1_graphcalculator\x64\debug\37_task1_graphcalculator.exe
c:\users\antbf\source\repos\37_task1_graphcalculator\x64\debug\37_task1_graphcalculator.ilk
c:\users\antbf\source\repos\37_task1_graphcalculator\x64\debug\37_task1_graphcalculator.pdb
c:\users\antbf\source\repos\37_task1_graphcalculator\37_task1_graphcalculator\x64\debug\37_task1.e9c414d1.tlog\37_task1_graphcalculator.write.1u.tlog
c:\users\antbf\source\repos\37_task1_graphcalculator\37_task1_graphcalculator\x64\debug\37_task1.e9c414d1.tlog\cl.command.1.tlog
c:\users\antbf\source\repos\37_task1_graphcalculator\37_task1_graphcalculator\x64\debug\37_task1.e9c414d1.tlog\cl.read.1.tlog
c:\users\antbf\source\repos\37_task1_graphcalculator\37_task1_graphcalculator\x64\debug\37_task1.e9c414d1.tlog\cl.write.1.tlog
c:\users\antbf\source\repos\37_task1_graphcalculator\37_task1_graphcalculator\x64\debug\37_task1.e9c414d1.tlog\link.command.1.tlog
c:\users\antbf\source\repos\37_task1_graphcalculator\37_task1_graphcalculator\x64\debug\37_task1.e9c414d1.tlog\link.read.1.tlog
c:\users\antbf\source\repos\37_task1_graphcalculator\37_task1_graphcalculator\x64\debug\37_task1.e9c414d1.tlog\link.write.1.tlog
c:\users\antbf\source\repos\37_task1_graphcalculator\37_task1_graphcalculator\x64\debug\37_task1.e9c414d1.tlog\moc.read.1u.tlog
c:\users\antbf\source\repos\37_task1_graphcalculator\37_task1_graphcalculator\x64\debug\37_task1.e9c414d1.tlog\moc.write.1u.tlog
c:\users\antbf\source\repos\37_task1_graphcalculator\37_task1_graphcalculator\x64\debug\37_task1.e9c414d1.tlog\rcc.read.1u.tlog
c:\users\antbf\source\repos\37_task1_graphcalculator\37_task1_graphcalculator\x64\debug\37_task1.e9c414d1.tlog\rcc.write.1u.tlog
c:\users\antbf\source\repos\37_task1_graphcalculator\37_task1_graphcalculator\x64\debug\37_task1.e9c414d1.tlog\uic.read.1u.tlog
c:\users\antbf\source\repos\37_task1_graphcalculator\37_task1_graphcalculator\x64\debug\37_task1.e9c414d1.tlog\uic.write.1u.tlog
